<?xml version="1.0" encoding="UTF-8"?><testsuite errors="0" failures="0" name="SerenityInitialTests" skipped="0" tests="5" time="3.82" timestamp="2021-08-10 11:53:28"><testcase classname="SerenityInitialTests" name="Initial test"/><testcase classname="SerenityInitialTests" name="Register user test"/><testcase classname="SerenityInitialTests" name="Update user2"/><testcase classname="SerenityInitialTests" name="Update user"/><testcase classname="SerenityInitialTests" name="Register user test2"/></testsuite>